21:13:44 **** Incremental Build of configuration Nios II for project usb_kb ****
make all 
Info: Building ../usb_kb_bsp/
D:/Software/QuartusPrime/intelFPGA_lite/nios2eds/bin/gnu/H-x86_64-mingw32/bin/make --no-print-directory -C ../usb_kb_bsp/
[BSP build complete]
Info: Compiling fight_system/bullet.c to obj/default/fight_system/bullet.o
nios2-elf-gcc -xc -MP -MMD -c -I../usb_kb_bsp//HAL/inc -I../usb_kb_bsp/ -I../usb_kb_bsp//drivers/inc  -pipe -D__hal__ -DALT_NO_INSTRUCTION_EMULATION -DALT_SINGLE_THREADED    -O0 -g -Wall   -mno-hw-div -mno-hw-mul -mno-hw-mulx -mgpopt=global  -o obj/default/fight_system/bullet.o fight_system/bullet.c
fight_system/bullet.c: In function 'pbulletcreate':
fight_system/bullet.c:11:15: warning: assignment makes integer from pointer without a cast [-Wint-conversion]
  pbobj->index = getpbulletindex;
               ^
fight_system/bullet.c: In function 'ebulletcreate':
fight_system/bullet.c:24:15: warning: assignment makes integer from pointer without a cast [-Wint-conversion]
  ebobj->index = getebulletindex;
               ^
fight_system/bullet.c: In function 'getpbulletindex':
fight_system/bullet.c:34:1: warning: control reaches end of non-void function [-Wreturn-type]
 }
 ^
fight_system/bullet.c: In function 'getebulletindex':
fight_system/bullet.c:38:1: warning: control reaches end of non-void function [-Wreturn-type]
 }
 ^
Info: Compiling fight_system/enemy.c to obj/default/fight_system/enemy.o
nios2-elf-gcc -xc -MP -MMD -c -I../usb_kb_bsp//HAL/inc -I../usb_kb_bsp/ -I../usb_kb_bsp//drivers/inc  -pipe -D__hal__ -DALT_NO_INSTRUCTION_EMULATION -DALT_SINGLE_THREADED    -O0 -g -Wall   -mno-hw-div -mno-hw-mul -mno-hw-mulx -mgpopt=global  -o obj/default/fight_system/enemy.o fight_system/enemy.c
fight_system/enemy.c: In function 'geteindex':
fight_system/enemy.c:26:1: warning: control reaches end of non-void function [-Wreturn-type]
 }
 ^
Info: Compiling fight_system/fightlogic.c to obj/default/fight_system/fightlogic.o
nios2-elf-gcc -xc -MP -MMD -c -I../usb_kb_bsp//HAL/inc -I../usb_kb_bsp/ -I../usb_kb_bsp//drivers/inc  -pipe -D__hal__ -DALT_NO_INSTRUCTION_EMULATION -DALT_SINGLE_THREADED    -O0 -g -Wall   -mno-hw-div -mno-hw-mul -mno-hw-mulx -mgpopt=global  -o obj/default/fight_system/fightlogic.o fight_system/fightlogic.c
fight_system/fightlogic.c:4:17: fatal error: usb.h: No such file or directory
compilation terminated.
make: *** [obj/default/fight_system/fightlogic.o] Error 1

21:13:46 Build Finished (took 2s.388ms)

